Processing nucleo-f446ze-o3-modelinram (platform: ststm32; board: nucleo_f446ze; framework: arduino)
--------------------------------------------------------------------------------
Verbose mode can be enabled via `-v, --verbose` option
CONFIGURATION: https://docs.platformio.org/page/boards/ststm32/nucleo_f446ze.html
PLATFORM: ST STM32 (19.3.0) > ST Nucleo F446ZE
HARDWARE: STM32F446ZET6 180MHz, 128KB RAM, 512KB Flash
DEBUG: Current (stlink) On-board (stlink) External (blackmagic, cmsis-dap, jlink)
PACKAGES: 
 - framework-arduinoststm32 @ 4.21001.250617 (2.10.1) 
 - framework-cmsis @ 2.50900.0 (5.9.0) 
 - tool-dfuutil @ 1.11.0 
 - tool-dfuutil-arduino @ 1.11.0 
 - tool-openocd @ 3.1200.0 (12.0) 
 - tool-stm32duino @ 1.0.1 
 - tool-stm32flash @ 0.7.0 
 - toolchain-gccarmnoneeabi @ 1.120301.0 (12.3.1)
LDF: Library Dependency Finder -> https://bit.ly/configure-pio-ldf
LDF Modes: Finder ~ chain, Compatibility ~ soft
Found 17 compatible libraries
Scanning dependencies...
Dependency Graph
|-- lib-luca
|-- model
|-- tflite-micro
Building in release mode
Compiling .pio/build/nucleo-f446ze-o3-modelinram/lib7b1/model/mlp_model_data.cc.o
Archiving .pio/build/nucleo-f446ze-o3-modelinram/lib7b1/libmodel.a
Indexing .pio/build/nucleo-f446ze-o3-modelinram/lib7b1/libmodel.a
Linking .pio/build/nucleo-f446ze-o3-modelinram/firmware.elf
/home/work_wsl/.platformio/packages/toolchain-gccarmnoneeabi/bin/../lib/gcc/arm-none-eabi/12.3.1/../../../../arm-none-eabi/bin/ld: .pio/build/nucleo-f446ze-o3-modelinram/firmware.elf section `.rodata' will not fit in region `FLASH'
/home/work_wsl/.platformio/packages/toolchain-gccarmnoneeabi/bin/../lib/gcc/arm-none-eabi/12.3.1/../../../../arm-none-eabi/bin/ld: region `FLASH' overflowed by 601136 bytes
collect2: error: ld returned 1 exit status
*** [.pio/build/nucleo-f446ze-o3-modelinram/firmware.elf] Error 1
========================= [FAILED] Took 55.69 seconds =========================

Environment                  Status    Duration
---------------------------  --------  ------------
nucleo-f446ze-o3-modelinram  FAILED    00:00:55.685
==================== 1 failed, 0 succeeded in 00:00:55.685 ====================
